<?xml version="1.0" encoding="UTF-8"?>
<testng-results ignored="0" total="2" passed="2" failed="0" skipped="0">
  <reporter-output>
  </reporter-output>
  <suite started-at="2022-04-28T16:18:05 CEST" name="MainTest" finished-at="2022-04-28T16:18:05 CEST" duration-ms="78">
    <groups>
    </groups>
    <test started-at="2022-04-28T16:18:05 CEST" name="Command line test" finished-at="2022-04-28T16:18:05 CEST" duration-ms="78">
      <class name="MainTest">
        <test-method signature="testAbbr4()[pri:0, instance:MainTest@6eda5c9]" started-at="2022-04-28T16:18:05 CEST" name="testAbbr4" finished-at="2022-04-28T16:18:05 CEST" duration-ms="26" status="PASS">
          <reporter-output>
          </reporter-output>
        </test-method> <!-- testAbbr4 -->
        <test-method signature="testAbbr8()[pri:0, instance:MainTest@6eda5c9]" started-at="2022-04-28T16:18:05 CEST" name="testAbbr8" finished-at="2022-04-28T16:18:05 CEST" duration-ms="1" status="PASS">
          <reporter-output>
          </reporter-output>
        </test-method> <!-- testAbbr8 -->
      </class> <!-- MainTest -->
    </test> <!-- Command line test -->
  </suite> <!-- MainTest -->
</testng-results>
